-------------------------------------------------------------------------------
Test set: TestSuite
-------------------------------------------------------------------------------
Tests run: 45, Failures: 1, Errors: 0, Skipped: 44, Time elapsed: 1.731 sec <<< FAILURE! - in TestSuite
initApplication(com.hrm.scripts.TestLeaveListToolTip)  Time elapsed: 1.399 sec  <<< FAILURE!
java.lang.NoClassDefFoundError: org/openqa/selenium/remote/RemoteWebDriver
Caused by: java.lang.ClassNotFoundException: org.openqa.selenium.remote.RemoteWebDriver

