<?xml version="1.0" encoding="UTF-8"?>
<testng-results skipped="0" failed="1" total="1" passed="0">
  <reporter-output>
  </reporter-output>
  <suite name="Default suite" duration-ms="19296" started-at="2017-12-22T13:09:35Z" finished-at="2017-12-22T13:09:54Z">
    <groups>
    </groups>
    <test name="Default test" duration-ms="19296" started-at="2017-12-22T13:09:35Z" finished-at="2017-12-22T13:09:54Z">
      <class name="com.hrm.scripts.TestIncludeListBox">
        <test-method status="PASS" signature="initFrameWork()[pri:0, instance:com.hrm.scripts.TestIncludeListBox@1877ab81]" name="initFrameWork" is-config="true" duration-ms="463" started-at="2017-12-22T18:39:35Z" finished-at="2017-12-22T18:39:35Z">
          <reporter-output>
          </reporter-output>
        </test-method> <!-- initFrameWork -->
        <test-method status="PASS" signature="initGlobalVar()[pri:0, instance:com.hrm.scripts.TestIncludeListBox@1877ab81]" name="initGlobalVar" is-config="true" duration-ms="1" started-at="2017-12-22T18:39:35Z" finished-at="2017-12-22T18:39:35Z">
          <reporter-output>
          </reporter-output>
        </test-method> <!-- initGlobalVar -->
        <test-method status="PASS" signature="initApplication(java.lang.String)[pri:0, instance:com.hrm.scripts.TestIncludeListBox@1877ab81]" name="initApplication" is-config="true" duration-ms="7772" started-at="2017-12-22T18:39:35Z" finished-at="2017-12-22T18:39:43Z">
          <params>
            <param index="0">
              <value>
                <![CDATA[chrome]]>
              </value>
            </param>
          </params>
          <reporter-output>
          </reporter-output>
        </test-method> <!-- initApplication -->
        <test-method status="PASS" signature="preCondition(java.lang.reflect.Method)[pri:0, instance:com.hrm.scripts.TestIncludeListBox@1877ab81]" name="preCondition" is-config="true" duration-ms="5071" started-at="2017-12-22T18:39:43Z" finished-at="2017-12-22T18:39:48Z">
          <params>
            <param index="0">
              <value>
                <![CDATA[public void com.hrm.scripts.TestIncludeListBox.testIncludeListBox()]]>
              </value>
            </param>
          </params>
          <reporter-output>
          </reporter-output>
        </test-method> <!-- preCondition -->
        <test-method status="FAIL" signature="testIncludeListBox()[pri:5, instance:com.hrm.scripts.TestIncludeListBox@1877ab81]" name="testIncludeListBox" duration-ms="2650" started-at="2017-12-22T18:39:48Z" finished-at="2017-12-22T18:39:51Z">
          <exception class="java.lang.AssertionError">
            <message>
              <![CDATA[FAIL:ListBox is Not Sorted expected [true] but found [false]]]>
            </message>
            <full-stacktrace>
              <![CDATA[java.lang.AssertionError: FAIL:ListBox is Not Sorted expected [true] but found [false]
	at org.testng.Assert.fail(Assert.java:94)
	at org.testng.Assert.failNotEquals(Assert.java:513)
	at org.testng.Assert.assertTrue(Assert.java:42)
	at com.hrm.base.BasePage.checkListBoxIsSorted(BasePage.java:28)
	at com.hrm.pages.EmpInfoPage.checkIncludeListBoxIsSorted(EmpInfoPage.java:49)
	at com.hrm.scripts.TestIncludeListBox.testIncludeListBox(TestIncludeListBox.java:20)
	at sun.reflect.NativeMethodAccessorImpl.invoke0(Native Method)
	at sun.reflect.NativeMethodAccessorImpl.invoke(Unknown Source)
	at sun.reflect.DelegatingMethodAccessorImpl.invoke(Unknown Source)
	at java.lang.reflect.Method.invoke(Unknown Source)
	at org.testng.internal.MethodInvocationHelper.invokeMethod(MethodInvocationHelper.java:100)
	at org.testng.internal.Invoker.invokeMethod(Invoker.java:646)
	at org.testng.internal.Invoker.invokeTestMethod(Invoker.java:811)
	at org.testng.internal.Invoker.invokeTestMethods(Invoker.java:1129)
	at org.testng.internal.TestMethodWorker.invokeTestMethods(TestMethodWorker.java:129)
	at org.testng.internal.TestMethodWorker.run(TestMethodWorker.java:112)
	at org.testng.TestRunner.privateRun(TestRunner.java:746)
	at org.testng.TestRunner.run(TestRunner.java:600)
	at org.testng.SuiteRunner.runTest(SuiteRunner.java:366)
	at org.testng.SuiteRunner.runSequentially(SuiteRunner.java:361)
	at org.testng.SuiteRunner.privateRun(SuiteRunner.java:319)
	at org.testng.SuiteRunner.run(SuiteRunner.java:268)
	at org.testng.SuiteRunnerWorker.runSuite(SuiteRunnerWorker.java:52)
	at org.testng.SuiteRunnerWorker.run(SuiteRunnerWorker.java:86)
	at org.testng.TestNG.runSuitesSequentially(TestNG.java:1264)
	at org.testng.TestNG.runSuitesLocally(TestNG.java:1189)
	at org.testng.TestNG.runSuites(TestNG.java:1104)
	at org.testng.TestNG.run(TestNG.java:1076)
	at org.testng.remote.AbstractRemoteTestNG.run(AbstractRemoteTestNG.java:126)
	at org.testng.remote.RemoteTestNG.initAndRun(RemoteTestNG.java:152)
	at org.testng.remote.RemoteTestNG.main(RemoteTestNG.java:57)
]]>
            </full-stacktrace>
          </exception> <!-- java.lang.AssertionError -->
          <reporter-output>
          </reporter-output>
        </test-method> <!-- testIncludeListBox -->
        <test-method status="PASS" signature="postCondition(org.testng.ITestResult)[pri:0, instance:com.hrm.scripts.TestIncludeListBox@1877ab81]" name="postCondition" is-config="true" duration-ms="1149" started-at="2017-12-22T18:39:52Z" finished-at="2017-12-22T18:39:53Z">
          <params>
            <param index="0">
              <value>
                <![CDATA[[TestResult name=testIncludeListBox status=FAILURE method=TestIncludeListBox.testIncludeListBox()[pri:5, instance:com.hrm.scripts.TestIncludeListBox@1877ab81] output={null}]]]>
              </value>
            </param>
          </params>
          <reporter-output>
          </reporter-output>
        </test-method> <!-- postCondition -->
        <test-method status="PASS" signature="closeApplication()[pri:0, instance:com.hrm.scripts.TestIncludeListBox@1877ab81]" name="closeApplication" is-config="true" duration-ms="887" started-at="2017-12-22T18:39:53Z" finished-at="2017-12-22T18:39:54Z">
          <reporter-output>
          </reporter-output>
        </test-method> <!-- closeApplication -->
        <test-method status="PASS" signature="publishReport()[pri:0, instance:com.hrm.scripts.TestIncludeListBox@1877ab81]" name="publishReport" is-config="true" duration-ms="471" started-at="2017-12-22T18:39:54Z" finished-at="2017-12-22T18:39:55Z">
          <reporter-output>
          </reporter-output>
        </test-method> <!-- publishReport -->
      </class> <!-- com.hrm.scripts.TestIncludeListBox -->
    </test> <!-- Default test -->
  </suite> <!-- Default suite -->
</testng-results>
